<?xml version="1.0" encoding="UTF-8"?>
<!-- Generated by org.testng.reporters.JUnitReportReporter -->
<testsuite hostname="user-PC" name="gcpi.FactoryConfigTest" tests="1" failures="0" timestamp="18 Jan 2018 08:15:17 GMT" time="27.356" errors="0">
  <testcase name="createFactoryConfigTest" time="27.356" classname="gcpi.FactoryConfigTest"/>
</testsuite> <!-- gcpi.FactoryConfigTest -->
