<?xml version="1.0" encoding="UTF-8"?>
<!-- Generated by org.testng.reporters.JUnitReportReporter -->
<testsuite hostname="user-PC" name="gcpi.BasicConfigTest" tests="7" failures="0" timestamp="18 Jan 2018 07:30:54 GMT" time="44.925" errors="0">
  <testcase name="createFactoryType" time="4.371" classname="gcpi.BasicConfigTest"/>
  <testcase name="deleteFactoryType" time="12.491" classname="gcpi.BasicConfigTest"/>
  <testcase name="createFactoryType" time="4.514" classname="gcpi.BasicConfigTest"/>
  <testcase name="modifyFactoryType" time="6.467" classname="gcpi.BasicConfigTest"/>
  <testcase name="modifyFactoryType" time="6.420" classname="gcpi.BasicConfigTest"/>
  <testcase name="modifyFactoryType2" time="6.415" classname="gcpi.BasicConfigTest"/>
  <testcase name="createFactoryType" time="4.247" classname="gcpi.BasicConfigTest"/>
</testsuite> <!-- gcpi.BasicConfigTest -->
